<?xml version="1.0" encoding="UTF-8"?>
<coverage generated="1616751038903" clover="3.2.0">
  <project timestamp="1616751038903" name="All files">
    <metrics statements="331" coveredstatements="329" conditionals="37" coveredconditionals="36" methods="10" coveredmethods="10" elements="378" coveredelements="375" complexity="0" loc="331" ncloc="331" packages="10" files="14" classes="14"/>
    <package name="fake-data">
      <metrics statements="84" coveredstatements="84" conditionals="3" coveredconditionals="3" methods="0" coveredmethods="0"/>
      <file name="companies.js" path="D:\tests\moneyhub\backend-interview-task\admin\fake-data\companies.js">
        <metrics statements="24" coveredstatements="24" conditionals="3" coveredconditionals="3" methods="0" coveredmethods="0"/>
        <line num="1" count="1" type="stmt"/>
        <line num="2" count="1" type="stmt"/>
        <line num="3" count="1" type="stmt"/>
        <line num="4" count="1" type="stmt"/>
        <line num="5" count="1" type="stmt"/>
        <line num="6" count="1" type="stmt"/>
        <line num="7" count="1" type="stmt"/>
        <line num="8" count="1" type="stmt"/>
        <line num="9" count="1" type="stmt"/>
        <line num="10" count="1" type="stmt"/>
        <line num="11" count="1" type="stmt"/>
        <line num="12" count="1" type="stmt"/>
        <line num="13" count="1" type="stmt"/>
        <line num="14" count="1" type="stmt"/>
        <line num="15" count="1" type="stmt"/>
        <line num="16" count="1" type="stmt"/>
        <line num="17" count="1" type="stmt"/>
        <line num="18" count="1" type="stmt"/>
        <line num="19" count="1" type="stmt"/>
        <line num="20" count="1" type="stmt"/>
        <line num="21" count="1" type="stmt"/>
        <line num="22" count="1" type="stmt"/>
        <line num="23" count="1" type="stmt"/>
        <line num="24" count="1" type="cond" truecount="3" falsecount="0"/>
      </file>
      <file name="investments.js" path="D:\tests\moneyhub\backend-interview-task\admin\fake-data\investments.js">
        <metrics statements="58" coveredstatements="58" conditionals="0" coveredconditionals="0" methods="0" coveredmethods="0"/>
        <line num="1" count="1" type="stmt"/>
        <line num="2" count="1" type="stmt"/>
        <line num="3" count="1" type="stmt"/>
        <line num="4" count="1" type="stmt"/>
        <line num="5" count="1" type="stmt"/>
        <line num="6" count="1" type="stmt"/>
        <line num="7" count="1" type="stmt"/>
        <line num="8" count="1" type="stmt"/>
        <line num="9" count="1" type="stmt"/>
        <line num="10" count="1" type="stmt"/>
        <line num="11" count="1" type="stmt"/>
        <line num="12" count="1" type="stmt"/>
        <line num="13" count="1" type="stmt"/>
        <line num="14" count="1" type="stmt"/>
        <line num="15" count="1" type="stmt"/>
        <line num="16" count="1" type="stmt"/>
        <line num="17" count="1" type="stmt"/>
        <line num="18" count="1" type="stmt"/>
        <line num="19" count="1" type="stmt"/>
        <line num="20" count="1" type="stmt"/>
        <line num="21" count="1" type="stmt"/>
        <line num="22" count="1" type="stmt"/>
        <line num="23" count="1" type="stmt"/>
        <line num="24" count="1" type="stmt"/>
        <line num="25" count="1" type="stmt"/>
        <line num="26" count="1" type="stmt"/>
        <line num="27" count="1" type="stmt"/>
        <line num="28" count="1" type="stmt"/>
        <line num="29" count="1" type="stmt"/>
        <line num="30" count="1" type="stmt"/>
        <line num="31" count="1" type="stmt"/>
        <line num="32" count="1" type="stmt"/>
        <line num="33" count="1" type="stmt"/>
        <line num="34" count="1" type="stmt"/>
        <line num="35" count="1" type="stmt"/>
        <line num="36" count="1" type="stmt"/>
        <line num="37" count="1" type="stmt"/>
        <line num="38" count="1" type="stmt"/>
        <line num="39" count="1" type="stmt"/>
        <line num="40" count="1" type="stmt"/>
        <line num="41" count="1" type="stmt"/>
        <line num="42" count="1" type="stmt"/>
        <line num="43" count="1" type="stmt"/>
        <line num="44" count="1" type="stmt"/>
        <line num="45" count="1" type="stmt"/>
        <line num="46" count="1" type="stmt"/>
        <line num="47" count="1" type="stmt"/>
        <line num="48" count="1" type="stmt"/>
        <line num="49" count="1" type="stmt"/>
        <line num="50" count="1" type="stmt"/>
        <line num="51" count="1" type="stmt"/>
        <line num="52" count="1" type="stmt"/>
        <line num="53" count="1" type="stmt"/>
        <line num="54" count="1" type="stmt"/>
        <line num="55" count="1" type="stmt"/>
        <line num="56" count="1" type="stmt"/>
        <line num="57" count="1" type="stmt"/>
        <line num="58" count="1" type="stmt"/>
      </file>
      <file name="process-result.js" path="D:\tests\moneyhub\backend-interview-task\admin\fake-data\process-result.js">
        <metrics statements="2" coveredstatements="2" conditionals="0" coveredconditionals="0" methods="0" coveredmethods="0"/>
        <line num="1" count="1" type="stmt"/>
        <line num="2" count="1" type="stmt"/>
      </file>
    </package>
    <package name="src">
      <metrics statements="17" coveredstatements="17" conditionals="0" coveredconditionals="0" methods="0" coveredmethods="0"/>
      <file name="app.js" path="D:\tests\moneyhub\backend-interview-task\admin\src\app.js">
        <metrics statements="17" coveredstatements="17" conditionals="0" coveredconditionals="0" methods="0" coveredmethods="0"/>
        <line num="1" count="1" type="stmt"/>
        <line num="2" count="1" type="stmt"/>
        <line num="3" count="1" type="stmt"/>
        <line num="4" count="1" type="stmt"/>
        <line num="5" count="1" type="stmt"/>
        <line num="6" count="1" type="stmt"/>
        <line num="7" count="1" type="stmt"/>
        <line num="8" count="1" type="stmt"/>
        <line num="9" count="1" type="stmt"/>
        <line num="10" count="1" type="stmt"/>
        <line num="11" count="1" type="stmt"/>
        <line num="12" count="1" type="stmt"/>
        <line num="13" count="1" type="stmt"/>
        <line num="14" count="1" type="stmt"/>
        <line num="15" count="1" type="stmt"/>
        <line num="16" count="1" type="stmt"/>
        <line num="17" count="1" type="stmt"/>
      </file>
    </package>
    <package name="src.api">
      <metrics statements="9" coveredstatements="7" conditionals="2" coveredconditionals="1" methods="1" coveredmethods="1"/>
      <file name="index.js" path="D:\tests\moneyhub\backend-interview-task\admin\src\api\index.js">
        <metrics statements="9" coveredstatements="7" conditionals="2" coveredconditionals="1" methods="1" coveredmethods="1"/>
        <line num="1" count="1" type="cond" truecount="1" falsecount="0"/>
        <line num="2" count="7" type="stmt"/>
        <line num="3" count="7" type="stmt"/>
        <line num="4" count="7" type="stmt"/>
        <line num="5" count="7" type="stmt"/>
        <line num="6" count="7" type="stmt"/>
        <line num="7" count="7" type="stmt"/>
        <line num="8" count="0" type="cond" truecount="0" falsecount="1"/>
        <line num="9" count="0" type="stmt"/>
      </file>
    </package>
    <package name="src.api.financial-companies-api">
      <metrics statements="23" coveredstatements="23" conditionals="3" coveredconditionals="3" methods="1" coveredmethods="1"/>
      <file name="companies.js" path="D:\tests\moneyhub\backend-interview-task\admin\src\api\financial-companies-api\companies.js">
        <metrics statements="17" coveredstatements="17" conditionals="3" coveredconditionals="3" methods="1" coveredmethods="1"/>
        <line num="1" count="1" type="stmt"/>
        <line num="2" count="1" type="stmt"/>
        <line num="3" count="1" type="stmt"/>
        <line num="4" count="1" type="stmt"/>
        <line num="5" count="1" type="stmt"/>
        <line num="6" count="1" type="stmt"/>
        <line num="7" count="1" type="stmt"/>
        <line num="8" count="1" type="cond" truecount="1" falsecount="0"/>
        <line num="9" count="12" type="stmt"/>
        <line num="10" count="12" type="stmt"/>
        <line num="11" count="12" type="stmt"/>
        <line num="12" count="12" type="cond" truecount="1" falsecount="0"/>
        <line num="13" count="9" type="stmt"/>
        <line num="14" count="12" type="cond" truecount="1" falsecount="0"/>
        <line num="15" count="3" type="stmt"/>
        <line num="16" count="3" type="stmt"/>
        <line num="17" count="12" type="stmt"/>
      </file>
      <file name="index.js" path="D:\tests\moneyhub\backend-interview-task\admin\src\api\financial-companies-api\index.js">
        <metrics statements="6" coveredstatements="6" conditionals="0" coveredconditionals="0" methods="0" coveredmethods="0"/>
        <line num="1" count="1" type="stmt"/>
        <line num="2" count="1" type="stmt"/>
        <line num="3" count="1" type="stmt"/>
        <line num="4" count="1" type="stmt"/>
        <line num="5" count="1" type="stmt"/>
        <line num="6" count="1" type="stmt"/>
      </file>
    </package>
    <package name="src.api.investments-api">
      <metrics statements="6" coveredstatements="6" conditionals="0" coveredconditionals="0" methods="0" coveredmethods="0"/>
      <file name="index.js" path="D:\tests\moneyhub\backend-interview-task\admin\src\api\investments-api\index.js">
        <metrics statements="6" coveredstatements="6" conditionals="0" coveredconditionals="0" methods="0" coveredmethods="0"/>
        <line num="1" count="1" type="stmt"/>
        <line num="2" count="1" type="stmt"/>
        <line num="3" count="1" type="stmt"/>
        <line num="4" count="1" type="stmt"/>
        <line num="5" count="1" type="stmt"/>
        <line num="6" count="1" type="stmt"/>
      </file>
    </package>
    <package name="src.api.investments-api.investments">
      <metrics statements="58" coveredstatements="58" conditionals="7" coveredconditionals="7" methods="3" coveredmethods="3"/>
      <file name="export.js" path="D:\tests\moneyhub\backend-interview-task\admin\src\api\investments-api\investments\export.js">
        <metrics statements="28" coveredstatements="28" conditionals="2" coveredconditionals="2" methods="1" coveredmethods="1"/>
        <line num="1" count="1" type="stmt"/>
        <line num="2" count="1" type="stmt"/>
        <line num="3" count="1" type="stmt"/>
        <line num="4" count="1" type="stmt"/>
        <line num="5" count="1" type="stmt"/>
        <line num="6" count="1" type="stmt"/>
        <line num="7" count="1" type="stmt"/>
        <line num="8" count="1" type="stmt"/>
        <line num="9" count="1" type="stmt"/>
        <line num="10" count="1" type="stmt"/>
        <line num="11" count="1" type="cond" truecount="1" falsecount="0"/>
        <line num="12" count="2" type="stmt"/>
        <line num="13" count="2" type="stmt"/>
        <line num="14" count="2" type="stmt"/>
        <line num="15" count="2" type="stmt"/>
        <line num="16" count="2" type="stmt"/>
        <line num="17" count="2" type="stmt"/>
        <line num="18" count="2" type="stmt"/>
        <line num="19" count="2" type="stmt"/>
        <line num="20" count="2" type="stmt"/>
        <line num="21" count="2" type="cond" truecount="1" falsecount="0"/>
        <line num="22" count="1" type="stmt"/>
        <line num="23" count="1" type="stmt"/>
        <line num="24" count="1" type="stmt"/>
        <line num="25" count="1" type="stmt"/>
        <line num="26" count="1" type="stmt"/>
        <line num="27" count="1" type="stmt"/>
        <line num="28" count="2" type="stmt"/>
      </file>
      <file name="index.js" path="D:\tests\moneyhub\backend-interview-task\admin\src\api\investments-api\investments\index.js">
        <metrics statements="30" coveredstatements="30" conditionals="5" coveredconditionals="5" methods="2" coveredmethods="2"/>
        <line num="1" count="1" type="stmt"/>
        <line num="2" count="1" type="stmt"/>
        <line num="3" count="1" type="stmt"/>
        <line num="4" count="1" type="stmt"/>
        <line num="5" count="1" type="stmt"/>
        <line num="6" count="1" type="stmt"/>
        <line num="7" count="1" type="stmt"/>
        <line num="8" count="1" type="stmt"/>
        <line num="9" count="1" type="cond" truecount="1" falsecount="0"/>
        <line num="10" count="6" type="stmt"/>
        <line num="11" count="6" type="stmt"/>
        <line num="12" count="6" type="stmt"/>
        <line num="13" count="6" type="cond" truecount="1" falsecount="0"/>
        <line num="14" count="4" type="stmt"/>
        <line num="15" count="4" type="stmt"/>
        <line num="16" count="6" type="cond" truecount="1" falsecount="0"/>
        <line num="17" count="2" type="stmt"/>
        <line num="18" count="2" type="stmt"/>
        <line num="19" count="6" type="stmt"/>
        <line num="20" count="1" type="stmt"/>
        <line num="21" count="1" type="cond" truecount="1" falsecount="0"/>
        <line num="22" count="2" type="stmt"/>
        <line num="23" count="2" type="stmt"/>
        <line num="24" count="2" type="stmt"/>
        <line num="25" count="2" type="cond" truecount="1" falsecount="0"/>
        <line num="26" count="1" type="stmt"/>
        <line num="27" count="1" type="stmt"/>
        <line num="28" count="1" type="stmt"/>
        <line num="29" count="1" type="stmt"/>
        <line num="30" count="2" type="stmt"/>
      </file>
    </package>
    <package name="src.controllers.investments-controller">
      <metrics statements="29" coveredstatements="29" conditionals="2" coveredconditionals="2" methods="1" coveredmethods="1"/>
      <file name="index.js" path="D:\tests\moneyhub\backend-interview-task\admin\src\controllers\investments-controller\index.js">
        <metrics statements="29" coveredstatements="29" conditionals="2" coveredconditionals="2" methods="1" coveredmethods="1"/>
        <line num="1" count="1" type="stmt"/>
        <line num="2" count="1" type="stmt"/>
        <line num="3" count="1" type="stmt"/>
        <line num="4" count="1" type="stmt"/>
        <line num="5" count="1" type="stmt"/>
        <line num="6" count="1" type="stmt"/>
        <line num="7" count="1" type="stmt"/>
        <line num="8" count="1" type="stmt"/>
        <line num="9" count="1" type="stmt"/>
        <line num="10" count="1" type="stmt"/>
        <line num="11" count="1" type="stmt"/>
        <line num="12" count="1" type="stmt"/>
        <line num="13" count="1" type="stmt"/>
        <line num="14" count="1" type="stmt"/>
        <line num="15" count="1" type="cond" truecount="1" falsecount="0"/>
        <line num="16" count="2" type="stmt"/>
        <line num="17" count="2" type="stmt"/>
        <line num="18" count="2" type="stmt"/>
        <line num="19" count="2" type="stmt"/>
        <line num="20" count="2" type="cond" truecount="1" falsecount="0"/>
        <line num="21" count="1" type="stmt"/>
        <line num="22" count="1" type="stmt"/>
        <line num="23" count="1" type="stmt"/>
        <line num="24" count="1" type="stmt"/>
        <line num="25" count="1" type="stmt"/>
        <line num="26" count="2" type="stmt"/>
        <line num="27" count="1" type="stmt"/>
        <line num="28" count="1" type="stmt"/>
        <line num="29" count="1" type="stmt"/>
      </file>
    </package>
    <package name="src.controllers.report-controller">
      <metrics statements="42" coveredstatements="42" conditionals="5" coveredconditionals="5" methods="2" coveredmethods="2"/>
      <file name="index.js" path="D:\tests\moneyhub\backend-interview-task\admin\src\controllers\report-controller\index.js">
        <metrics statements="42" coveredstatements="42" conditionals="5" coveredconditionals="5" methods="2" coveredmethods="2"/>
        <line num="1" count="1" type="stmt"/>
        <line num="2" count="1" type="stmt"/>
        <line num="3" count="1" type="stmt"/>
        <line num="4" count="1" type="stmt"/>
        <line num="5" count="1" type="stmt"/>
        <line num="6" count="1" type="stmt"/>
        <line num="7" count="1" type="stmt"/>
        <line num="8" count="1" type="stmt"/>
        <line num="9" count="1" type="stmt"/>
        <line num="10" count="1" type="stmt"/>
        <line num="11" count="1" type="stmt"/>
        <line num="12" count="1" type="stmt"/>
        <line num="13" count="1" type="stmt"/>
        <line num="14" count="1" type="stmt"/>
        <line num="15" count="1" type="stmt"/>
        <line num="16" count="1" type="cond" truecount="1" falsecount="0"/>
        <line num="17" count="4" type="stmt"/>
        <line num="18" count="4" type="cond" truecount="1" falsecount="0"/>
        <line num="19" count="1" type="stmt"/>
        <line num="20" count="4" type="cond" truecount="1" falsecount="0"/>
        <line num="21" count="3" type="stmt"/>
        <line num="22" count="3" type="stmt"/>
        <line num="23" count="3" type="stmt"/>
        <line num="24" count="4" type="stmt"/>
        <line num="25" count="1" type="stmt"/>
        <line num="26" count="1" type="stmt"/>
        <line num="27" count="1" type="stmt"/>
        <line num="28" count="1" type="stmt"/>
        <line num="29" count="1" type="stmt"/>
        <line num="30" count="1" type="cond" truecount="1" falsecount="0"/>
        <line num="31" count="2" type="stmt"/>
        <line num="32" count="2" type="cond" truecount="1" falsecount="0"/>
        <line num="33" count="1" type="stmt"/>
        <line num="34" count="1" type="stmt"/>
        <line num="35" count="1" type="stmt"/>
        <line num="36" count="1" type="stmt"/>
        <line num="37" count="1" type="stmt"/>
        <line num="38" count="2" type="stmt"/>
        <line num="39" count="1" type="stmt"/>
        <line num="40" count="1" type="stmt"/>
        <line num="41" count="1" type="stmt"/>
        <line num="42" count="1" type="stmt"/>
      </file>
    </package>
    <package name="src.services.gen-csv-str-service">
      <metrics statements="52" coveredstatements="52" conditionals="13" coveredconditionals="13" methods="1" coveredmethods="1"/>
      <file name="index.js" path="D:\tests\moneyhub\backend-interview-task\admin\src\services\gen-csv-str-service\index.js">
        <metrics statements="52" coveredstatements="52" conditionals="13" coveredconditionals="13" methods="1" coveredmethods="1"/>
        <line num="1" count="1" type="stmt"/>
        <line num="2" count="1" type="stmt"/>
        <line num="3" count="1" type="stmt"/>
        <line num="4" count="1" type="stmt"/>
        <line num="5" count="1" type="stmt"/>
        <line num="6" count="1" type="stmt"/>
        <line num="7" count="1" type="stmt"/>
        <line num="8" count="1" type="stmt"/>
        <line num="9" count="1" type="stmt"/>
        <line num="10" count="1" type="cond" truecount="1" falsecount="0"/>
        <line num="11" count="8" type="cond" truecount="1" falsecount="0"/>
        <line num="12" count="6" type="stmt"/>
        <line num="13" count="6" type="stmt"/>
        <line num="14" count="6" type="stmt"/>
        <line num="15" count="6" type="stmt"/>
        <line num="16" count="6" type="cond" truecount="1" falsecount="0"/>
        <line num="17" count="6" type="cond" truecount="1" falsecount="0"/>
        <line num="18" count="6" type="cond" truecount="1" falsecount="0"/>
        <line num="19" count="6" type="stmt"/>
        <line num="20" count="6" type="stmt"/>
        <line num="21" count="6" type="stmt"/>
        <line num="22" count="6" type="stmt"/>
        <line num="23" count="8" type="cond" truecount="2" falsecount="0"/>
        <line num="24" count="5" type="stmt"/>
        <line num="25" count="5" type="stmt"/>
        <line num="26" count="5" type="stmt"/>
        <line num="27" count="5" type="stmt"/>
        <line num="28" count="5" type="cond" truecount="1" falsecount="0"/>
        <line num="29" count="12" type="stmt"/>
        <line num="30" count="12" type="cond" truecount="1" falsecount="0"/>
        <line num="31" count="84" type="cond" truecount="1" falsecount="0"/>
        <line num="32" count="12" type="cond" truecount="1" falsecount="0"/>
        <line num="33" count="5" type="cond" truecount="1" falsecount="0"/>
        <line num="34" count="5" type="stmt"/>
        <line num="35" count="5" type="cond" truecount="1" falsecount="0"/>
        <line num="36" count="48" type="stmt"/>
        <line num="37" count="48" type="stmt"/>
        <line num="38" count="48" type="stmt"/>
        <line num="39" count="48" type="stmt"/>
        <line num="40" count="48" type="stmt"/>
        <line num="41" count="48" type="stmt"/>
        <line num="42" count="48" type="stmt"/>
        <line num="43" count="5" type="stmt"/>
        <line num="44" count="5" type="stmt"/>
        <line num="45" count="5" type="stmt"/>
        <line num="46" count="5" type="stmt"/>
        <line num="47" count="5" type="stmt"/>
        <line num="48" count="5" type="stmt"/>
        <line num="49" count="5" type="stmt"/>
        <line num="50" count="5" type="stmt"/>
        <line num="51" count="1" type="stmt"/>
        <line num="52" count="1" type="stmt"/>
      </file>
    </package>
    <package name="src.services.new-report-service">
      <metrics statements="11" coveredstatements="11" conditionals="2" coveredconditionals="2" methods="1" coveredmethods="1"/>
      <file name="index.js" path="D:\tests\moneyhub\backend-interview-task\admin\src\services\new-report-service\index.js">
        <metrics statements="11" coveredstatements="11" conditionals="2" coveredconditionals="2" methods="1" coveredmethods="1"/>
        <line num="1" count="1" type="stmt"/>
        <line num="2" count="1" type="stmt"/>
        <line num="3" count="1" type="stmt"/>
        <line num="4" count="1" type="stmt"/>
        <line num="5" count="1" type="stmt"/>
        <line num="6" count="1" type="cond" truecount="1" falsecount="0"/>
        <line num="7" count="5" type="cond" truecount="1" falsecount="0"/>
        <line num="8" count="3" type="stmt"/>
        <line num="9" count="3" type="stmt"/>
        <line num="10" count="1" type="stmt"/>
        <line num="11" count="1" type="stmt"/>
      </file>
    </package>
  </project>
</coverage>
