TN:
SF:fake-data\companies.js
FNF:0
FNH:0
DA:1,1
DA:2,1
DA:3,1
DA:4,1
DA:5,1
DA:6,1
DA:7,1
DA:8,1
DA:9,1
DA:10,1
DA:11,1
DA:12,1
DA:13,1
DA:14,1
DA:15,1
DA:16,1
DA:17,1
DA:18,1
DA:19,1
DA:20,1
DA:21,1
DA:22,1
DA:23,1
DA:24,1
LF:24
LH:24
BRDA:24,0,0,6
BRDA:24,1,0,18
BRDA:24,2,0,26
BRF:3
BRH:3
end_of_record
TN:
SF:fake-data\investments.js
FNF:0
FNH:0
DA:1,1
DA:2,1
DA:3,1
DA:4,1
DA:5,1
DA:6,1
DA:7,1
DA:8,1
DA:9,1
DA:10,1
DA:11,1
DA:12,1
DA:13,1
DA:14,1
DA:15,1
DA:16,1
DA:17,1
DA:18,1
DA:19,1
DA:20,1
DA:21,1
DA:22,1
DA:23,1
DA:24,1
DA:25,1
DA:26,1
DA:27,1
DA:28,1
DA:29,1
DA:30,1
DA:31,1
DA:32,1
DA:33,1
DA:34,1
DA:35,1
DA:36,1
DA:37,1
DA:38,1
DA:39,1
DA:40,1
DA:41,1
DA:42,1
DA:43,1
DA:44,1
DA:45,1
DA:46,1
DA:47,1
DA:48,1
DA:49,1
DA:50,1
DA:51,1
DA:52,1
DA:53,1
DA:54,1
DA:55,1
DA:56,1
DA:57,1
DA:58,1
LF:58
LH:58
BRF:0
BRH:0
end_of_record
TN:
SF:fake-data\process-result.js
FNF:0
FNH:0
DA:1,1
DA:2,1
LF:2
LH:2
BRF:0
BRH:0
end_of_record
TN:
SF:src\app.js
FNF:0
FNH:0
DA:1,1
DA:2,1
DA:3,1
DA:4,1
DA:5,1
DA:6,1
DA:7,1
DA:8,1
DA:9,1
DA:10,1
DA:11,1
DA:12,1
DA:13,1
DA:14,1
DA:15,1
DA:16,1
DA:17,1
LF:17
LH:17
BRF:0
BRH:0
end_of_record
TN:
SF:src\api\index.js
FN:1,Object.<anonymous>.module.exports.errorHandler
FNF:1
FNH:1
FNDA:7,Object.<anonymous>.module.exports.errorHandler
DA:1,1
DA:2,7
DA:3,7
DA:4,7
DA:5,7
DA:6,7
DA:7,7
DA:8,0
DA:9,0
LF:9
LH:7
BRDA:1,0,0,7
BRDA:8,1,0,0
BRF:2
BRH:1
end_of_record
TN:
SF:src\api\financial-companies-api\companies.js
FN:8,Object.<anonymous>.module.exports.getCompany
FNF:1
FNH:1
FNDA:12,Object.<anonymous>.module.exports.getCompany
DA:1,1
DA:2,1
DA:3,1
DA:4,1
DA:5,1
DA:6,1
DA:7,1
DA:8,1
DA:9,12
DA:10,12
DA:11,12
DA:12,12
DA:13,9
DA:14,12
DA:15,3
DA:16,3
DA:17,12
LF:17
LH:17
BRDA:8,0,0,12
BRDA:12,1,0,9
BRDA:14,2,0,3
BRF:3
BRH:3
end_of_record
TN:
SF:src\api\financial-companies-api\index.js
FNF:0
FNH:0
DA:1,1
DA:2,1
DA:3,1
DA:4,1
DA:5,1
DA:6,1
LF:6
LH:6
BRF:0
BRH:0
end_of_record
TN:
SF:src\api\investments-api\index.js
FNF:0
FNH:0
DA:1,1
DA:2,1
DA:3,1
DA:4,1
DA:5,1
DA:6,1
LF:6
LH:6
BRF:0
BRH:0
end_of_record
TN:
SF:src\api\investments-api\investments\export.js
FN:11,Object.<anonymous>.module.exports.exportReport
FNF:1
FNH:1
FNDA:2,Object.<anonymous>.module.exports.exportReport
DA:1,1
DA:2,1
DA:3,1
DA:4,1
DA:5,1
DA:6,1
DA:7,1
DA:8,1
DA:9,1
DA:10,1
DA:11,1
DA:12,2
DA:13,2
DA:14,2
DA:15,2
DA:16,2
DA:17,2
DA:18,2
DA:19,2
DA:20,2
DA:21,2
DA:22,1
DA:23,1
DA:24,1
DA:25,1
DA:26,1
DA:27,1
DA:28,2
LF:28
LH:28
BRDA:11,0,0,2
BRDA:21,1,0,1
BRF:2
BRH:2
end_of_record
TN:
SF:src\api\investments-api\investments\index.js
FN:9,Object.<anonymous>.module.exports.listInvestments
FN:21,Object.<anonymous>.module.exports.getInvestment
FNF:2
FNH:2
FNDA:6,Object.<anonymous>.module.exports.listInvestments
FNDA:2,Object.<anonymous>.module.exports.getInvestment
DA:1,1
DA:2,1
DA:3,1
DA:4,1
DA:5,1
DA:6,1
DA:7,1
DA:8,1
DA:9,1
DA:10,6
DA:11,6
DA:12,6
DA:13,6
DA:14,4
DA:15,4
DA:16,6
DA:17,2
DA:18,2
DA:19,6
DA:20,1
DA:21,1
DA:22,2
DA:23,2
DA:24,2
DA:25,2
DA:26,1
DA:27,1
DA:28,1
DA:29,1
DA:30,2
LF:30
LH:30
BRDA:9,0,0,6
BRDA:13,1,0,4
BRDA:16,2,0,2
BRDA:21,3,0,2
BRDA:25,4,0,1
BRF:5
BRH:5
end_of_record
TN:
SF:src\controllers\investments-controller\index.js
FN:15,show
FNF:1
FNH:1
FNDA:2,show
DA:1,1
DA:2,1
DA:3,1
DA:4,1
DA:5,1
DA:6,1
DA:7,1
DA:8,1
DA:9,1
DA:10,1
DA:11,1
DA:12,1
DA:13,1
DA:14,1
DA:15,1
DA:16,2
DA:17,2
DA:18,2
DA:19,2
DA:20,2
DA:21,1
DA:22,1
DA:23,1
DA:24,1
DA:25,1
DA:26,2
DA:27,1
DA:28,1
DA:29,1
LF:29
LH:29
BRDA:15,0,0,2
BRDA:20,1,0,1
BRF:2
BRH:2
end_of_record
TN:
SF:src\controllers\report-controller\index.js
FN:16,store
FN:30,show
FNF:2
FNH:2
FNDA:4,store
FNDA:2,show
DA:1,1
DA:2,1
DA:3,1
DA:4,1
DA:5,1
DA:6,1
DA:7,1
DA:8,1
DA:9,1
DA:10,1
DA:11,1
DA:12,1
DA:13,1
DA:14,1
DA:15,1
DA:16,1
DA:17,4
DA:18,4
DA:19,1
DA:20,4
DA:21,3
DA:22,3
DA:23,3
DA:24,4
DA:25,1
DA:26,1
DA:27,1
DA:28,1
DA:29,1
DA:30,1
DA:31,2
DA:32,2
DA:33,1
DA:34,1
DA:35,1
DA:36,1
DA:37,1
DA:38,2
DA:39,1
DA:40,1
DA:41,1
DA:42,1
LF:42
LH:42
BRDA:16,0,0,4
BRDA:18,1,0,1
BRDA:20,2,0,3
BRDA:30,3,0,2
BRDA:32,4,0,1
BRF:5
BRH:5
end_of_record
TN:
SF:src\services\gen-csv-str-service\index.js
FN:10,run
FNF:1
FNH:1
FNDA:8,run
DA:1,1
DA:2,1
DA:3,1
DA:4,1
DA:5,1
DA:6,1
DA:7,1
DA:8,1
DA:9,1
DA:10,1
DA:11,8
DA:12,6
DA:13,6
DA:14,6
DA:15,6
DA:16,6
DA:17,6
DA:18,6
DA:19,6
DA:20,6
DA:21,6
DA:22,6
DA:23,8
DA:24,5
DA:25,5
DA:26,5
DA:27,5
DA:28,5
DA:29,12
DA:30,12
DA:31,84
DA:32,12
DA:33,5
DA:34,5
DA:35,5
DA:36,48
DA:37,48
DA:38,48
DA:39,48
DA:40,48
DA:41,48
DA:42,48
DA:43,5
DA:44,5
DA:45,5
DA:46,5
DA:47,5
DA:48,5
DA:49,5
DA:50,5
DA:51,1
DA:52,1
LF:52
LH:52
BRDA:10,0,0,8
BRDA:11,1,0,6
BRDA:23,2,0,5
BRDA:16,3,0,35
BRDA:17,4,0,60
BRDA:18,5,0,60
BRDA:23,6,0,15
BRDA:28,7,0,12
BRDA:30,8,0,84
BRDA:31,9,0,120
BRDA:32,10,0,48
BRDA:33,11,0,72
BRDA:35,12,0,48
BRF:13
BRH:13
end_of_record
TN:
SF:src\services\new-report-service\index.js
FN:6,run
FNF:1
FNH:1
FNDA:5,run
DA:1,1
DA:2,1
DA:3,1
DA:4,1
DA:5,1
DA:6,1
DA:7,5
DA:8,3
DA:9,3
DA:10,1
DA:11,1
LF:11
LH:11
BRDA:6,0,0,5
BRDA:7,1,0,3
BRF:2
BRH:2
end_of_record
